0 info it worked if it ends with ok
1 verbose cli [ '/home/shogen/.nvm/v0.11.14/bin/node',
1 verbose cli   '/home/shogen/.nvm/v0.11.14/bin/npm',
1 verbose cli   'install',
1 verbose cli   '-g',
1 verbose cli   'coffee-script' ]
2 info using npm@2.0.0
3 info using node@v0.11.14
4 verbose cache add [ 'coffee-script', null ]
5 verbose cache add spec="coffee-script" args=["coffee-script",null]
6 verbose parsed spec { raw: 'coffee-script',
6 verbose parsed spec   scope: null,
6 verbose parsed spec   name: 'coffee-script',
6 verbose parsed spec   rawSpec: '',
6 verbose parsed spec   spec: '*',
6 verbose parsed spec   type: 'range' }
7 verbose parsed spec { raw: 'coffee-script',
7 verbose parsed spec   scope: null,
7 verbose parsed spec   name: 'coffee-script',
7 verbose parsed spec   rawSpec: '',
7 verbose parsed spec   spec: '*',
7 verbose parsed spec   type: 'range' }
8 verbose addNamed [ 'coffee-script', '*' ]
9 verbose addNamed [ null, '*' ]
10 silly lockFile 7281919f-coffee-script coffee-script@*
11 verbose lock coffee-script@* /home/shogen/.npm/7281919f-coffee-script.lock
12 silly addNameRange { name: 'coffee-script', range: '*', hasData: false }
13 verbose mapToRegistry name coffee-script
14 verbose mapToRegistry uri https://registry.npmjs.org/coffee-script
15 verbose request on initialization, where is /coffee-script
16 verbose request after pass 1, where is /coffee-script
17 verbose request url raw /coffee-script
18 verbose request resolving registry [ 'https://registry.npmjs.org/', './coffee-script' ]
19 verbose request after pass 2, where is https://registry.npmjs.org/coffee-script
20 verbose request no auth needed
21 info attempt registry request try #1 at 16:18:46
22 verbose request id 3ead444005397327
23 http request GET https://registry.npmjs.org/coffee-script
24 info retry will retry, error on last attempt: Error: tunneling socket could not be established, cause=write EPROTO 3074057984:error:140770FC:SSL routines:SSL23_GET_SERVER_HELLO:unknown protocol:../deps/openssl/openssl/ssl/s23_clnt.c:787:
25 info attempt registry request try #2 at 16:18:57
26 http request GET https://registry.npmjs.org/coffee-script
27 info retry will retry, error on last attempt: Error: tunneling socket could not be established, cause=write EPROTO 3074057984:error:140770FC:SSL routines:SSL23_GET_SERVER_HELLO:unknown protocol:../deps/openssl/openssl/ssl/s23_clnt.c:787:
28 info attempt registry request try #3 at 16:19:57
29 http request GET https://registry.npmjs.org/coffee-script
30 silly lockFile 7281919f-coffee-script coffee-script@*
31 silly lockFile 7281919f-coffee-script coffee-script@*
32 verbose stack Error: tunneling socket could not be established, cause=write EPROTO 3074057984:error:140770FC:SSL routines:SSL23_GET_SERVER_HELLO:unknown protocol:../deps/openssl/openssl/ssl/s23_clnt.c:787:
32 verbose stack
32 verbose stack     at ClientRequest.onError (/home/shogen/.nvm/v0.11.14/lib/node_modules/npm/node_modules/request/node_modules/tunnel-agent/index.js:168:17)
32 verbose stack     at ClientRequest.g (events.js:199:16)
32 verbose stack     at ClientRequest.emit (events.js:107:17)
32 verbose stack     at TLSSocket.socketErrorListener (_http_client.js:271:9)
32 verbose stack     at TLSSocket.emit (events.js:129:20)
32 verbose stack     at onwriteError (_stream_writable.js:281:10)
32 verbose stack     at onwrite (_stream_writable.js:299:5)
32 verbose stack     at WritableState.onwrite (_stream_writable.js:103:5)
32 verbose stack     at fireErrorCallbacks (net.js:433:13)
32 verbose stack     at TLSSocket.Socket._destroy (net.js:471:3)
33 verbose cwd /home/shogen/LiteratureSearchEngine/public/javascripts
34 error Linux 3.13.0-37-generic
35 error argv "/home/shogen/.nvm/v0.11.14/bin/node" "/home/shogen/.nvm/v0.11.14/bin/npm" "install" "-g" "coffee-script"
36 error node v0.11.14
37 error npm  v2.0.0
38 error code ECONNRESET
39 error network tunneling socket could not be established, cause=write EPROTO 3074057984:error:140770FC:SSL routines:SSL23_GET_SERVER_HELLO:unknown protocol:../deps/openssl/openssl/ssl/s23_clnt.c:787:
39 error network
39 error network This is most likely not a problem with npm itself
39 error network and is related to network connectivity.
39 error network In most cases you are behind a proxy or have bad network settings.
39 error network
39 error network If you are behind a proxy, please make sure that the
39 error network 'proxy' config is set properly.  See: 'npm help config'
40 verbose exit [ 1, true ]
